<?xml version="1.0" encoding="UTF-8"?>
<!-- Generated by org.testng.reporters.JUnitReportReporter -->
<testsuite hostname="QAWIN10-VM1" failures="0" tests="1" name="com.SEGB.Percy.HomePage" time="16.570" errors="0" timestamp="2023-10-19T05:16:06 UTC" skipped="0">
  <testcase classname="com.SEGB.Percy.HomePage" name="homepage" time="16.570"/>
  <system-out/>
</testsuite> <!-- com.SEGB.Percy.HomePage -->
